2025-01-30 19:56:06,649 - INFO - Application started
2025-01-30 19:56:06,673 - INFO - Hotkey listener started
2025-01-30 19:56:10,639 - INFO - Success: lampada on
2025-01-30 19:56:11,131 - INFO - Success: lampada off
2025-01-30 19:56:11,785 - INFO - Success: led on
2025-01-30 19:56:12,254 - INFO - Success: led off
2025-01-30 19:56:12,590 - INFO - Success: led on
2025-01-30 19:56:12,875 - INFO - Success: led off
2025-01-30 19:56:13,130 - INFO - Success: led on
2025-01-30 19:56:13,383 - INFO - Success: led off
2025-01-30 19:56:13,548 - INFO - Success: led on
2025-01-30 19:56:13,670 - INFO - Success: led off
2025-01-30 19:56:13,814 - INFO - Success: led on
2025-01-30 19:56:13,954 - INFO - Success: led off
2025-01-30 19:56:14,163 - INFO - Success: led on
2025-01-30 19:56:14,303 - INFO - Success: led off
2025-01-30 19:56:14,510 - INFO - Success: led on
2025-01-30 19:56:14,703 - INFO - Success: led off
2025-01-30 19:56:14,778 - INFO - Success: led on
2025-01-30 19:56:14,954 - INFO - Success: led off
2025-01-30 19:56:15,063 - INFO - Success: led on
2025-01-30 19:56:15,350 - INFO - Success: led off
2025-01-30 19:56:15,761 - INFO - Success: lampada on
2025-01-30 19:56:16,097 - INFO - Success: lampada off
2025-01-30 19:56:16,763 - INFO - Success: tomada on
2025-01-30 19:56:17,130 - INFO - Success: tomada off
2025-01-30 19:56:17,828 - INFO - Success: lampada on
2025-01-30 19:56:18,126 - INFO - Success: lampada off
2025-01-30 19:56:18,506 - INFO - Success: led on
2025-01-30 19:56:18,805 - INFO - Success: led off
2025-01-30 19:56:19,075 - INFO - Success: led on
2025-01-30 19:56:19,267 - INFO - Success: led off
2025-01-30 19:56:19,540 - INFO - Success: led on
2025-01-30 19:56:23,832 - INFO - Success: led off
2025-01-30 19:56:23,949 - INFO - Success: led on
2025-01-30 19:56:24,233 - INFO - Success: led off
2025-01-30 19:56:24,559 - INFO - Success: led on
2025-01-30 19:56:24,638 - INFO - Success: led off
2025-01-30 19:56:24,704 - INFO - Success: led on
2025-01-30 19:56:24,814 - INFO - Success: led off
2025-01-30 19:56:24,911 - INFO - Success: led on
2025-01-30 19:56:24,994 - INFO - Success: led off
2025-01-30 19:56:25,110 - INFO - Success: led on
2025-01-30 19:56:25,211 - INFO - Success: led off
2025-01-30 19:56:25,306 - INFO - Success: led on
2025-01-30 19:56:25,417 - INFO - Success: led off
2025-01-30 19:56:25,514 - INFO - Success: led on
2025-01-30 19:56:25,593 - INFO - Success: led off
2025-01-30 19:56:25,707 - INFO - Success: led on
